Pig Stack Trace
---------------
ERROR 2997: Encountered IOException. Permission denied by sticky bit setting: user=rtsadmin, inode=api_response_0209
	at org.apache.hadoop.hdfs.server.namenode.DefaultAuthorizationProvider.checkStickyBit(DefaultAuthorizationProvider.java:362)
	at org.apache.hadoop.hdfs.server.namenode.DefaultAuthorizationProvider.checkPermission(DefaultAuthorizationProvider.java:142)
	at org.apache.hadoop.hdfs.server.namenode.FSPermissionChecker.checkPermission(FSPermissionChecker.java:138)
	at org.apache.hadoop.hdfs.server.namenode.FSNamesystem.checkPermission(FSNamesystem.java:6602)
	at org.apache.hadoop.hdfs.server.namenode.FSNamesystem.deleteInternal(FSNamesystem.java:4062)
	at org.apache.hadoop.hdfs.server.namenode.FSNamesystem.deleteInt(FSNamesystem.java:4014)
	at org.apache.hadoop.hdfs.server.namenode.FSNamesystem.delete(FSNamesystem.java:3998)
	at org.apache.hadoop.hdfs.server.namenode.NameNodeRpcServer.delete(NameNodeRpcServer.java:825)
	at org.apache.hadoop.hdfs.server.namenode.AuthorizationProviderProxyClientProtocol.delete(AuthorizationProviderProxyClientProtocol.java:306)
	at org.apache.hadoop.hdfs.protocolPB.ClientNamenodeProtocolServerSideTranslatorPB.delete(ClientNamenodeProtocolServerSideTranslatorPB.java:590)
	at org.apache.hadoop.hdfs.protocol.proto.ClientNamenodeProtocolProtos$ClientNamenodeProtocol$2.callBlockingMethod(ClientNamenodeProtocolProtos.java)
	at org.apache.hadoop.ipc.ProtobufRpcEngine$Server$ProtoBufRpcInvoker.call(ProtobufRpcEngine.java:619)
	at org.apache.hadoop.ipc.RPC$Server.call(RPC.java:1060)
	at org.apache.hadoop.ipc.Server$Handler$1.run(Server.java:2044)
	at org.apache.hadoop.ipc.Server$Handler$1.run(Server.java:2040)
	at java.security.AccessController.doPrivileged(Native Method)
	at javax.security.auth.Subject.doAs(Subject.java:415)
	at org.apache.hadoop.security.UserGroupInformation.doAs(UserGroupInformation.java:1671)
	at org.apache.hadoop.ipc.Server$Handler.run(Server.java:2038)

org.apache.hadoop.security.AccessControlException: Permission denied by sticky bit setting: user=rtsadmin, inode=api_response_0209
	at org.apache.hadoop.hdfs.server.namenode.DefaultAuthorizationProvider.checkStickyBit(DefaultAuthorizationProvider.java:362)
	at org.apache.hadoop.hdfs.server.namenode.DefaultAuthorizationProvider.checkPermission(DefaultAuthorizationProvider.java:142)
	at org.apache.hadoop.hdfs.server.namenode.FSPermissionChecker.checkPermission(FSPermissionChecker.java:138)
	at org.apache.hadoop.hdfs.server.namenode.FSNamesystem.checkPermission(FSNamesystem.java:6602)
	at org.apache.hadoop.hdfs.server.namenode.FSNamesystem.deleteInternal(FSNamesystem.java:4062)
	at org.apache.hadoop.hdfs.server.namenode.FSNamesystem.deleteInt(FSNamesystem.java:4014)
	at org.apache.hadoop.hdfs.server.namenode.FSNamesystem.delete(FSNamesystem.java:3998)
	at org.apache.hadoop.hdfs.server.namenode.NameNodeRpcServer.delete(NameNodeRpcServer.java:825)
	at org.apache.hadoop.hdfs.server.namenode.AuthorizationProviderProxyClientProtocol.delete(AuthorizationProviderProxyClientProtocol.java:306)
	at org.apache.hadoop.hdfs.protocolPB.ClientNamenodeProtocolServerSideTranslatorPB.delete(ClientNamenodeProtocolServerSideTranslatorPB.java:590)
	at org.apache.hadoop.hdfs.protocol.proto.ClientNamenodeProtocolProtos$ClientNamenodeProtocol$2.callBlockingMethod(ClientNamenodeProtocolProtos.java)
	at org.apache.hadoop.ipc.ProtobufRpcEngine$Server$ProtoBufRpcInvoker.call(ProtobufRpcEngine.java:619)
	at org.apache.hadoop.ipc.RPC$Server.call(RPC.java:1060)
	at org.apache.hadoop.ipc.Server$Handler$1.run(Server.java:2044)
	at org.apache.hadoop.ipc.Server$Handler$1.run(Server.java:2040)
	at java.security.AccessController.doPrivileged(Native Method)
	at javax.security.auth.Subject.doAs(Subject.java:415)
	at org.apache.hadoop.security.UserGroupInformation.doAs(UserGroupInformation.java:1671)
	at org.apache.hadoop.ipc.Server$Handler.run(Server.java:2038)

	at sun.reflect.NativeConstructorAccessorImpl.newInstance0(Native Method)
	at sun.reflect.NativeConstructorAccessorImpl.newInstance(NativeConstructorAccessorImpl.java:57)
	at sun.reflect.DelegatingConstructorAccessorImpl.newInstance(DelegatingConstructorAccessorImpl.java:45)
	at java.lang.reflect.Constructor.newInstance(Constructor.java:526)
	at org.apache.hadoop.ipc.RemoteException.instantiateException(RemoteException.java:106)
	at org.apache.hadoop.ipc.RemoteException.unwrapRemoteException(RemoteException.java:73)
	at org.apache.hadoop.hdfs.DFSClient.delete(DFSClient.java:1925)
	at org.apache.hadoop.hdfs.DistributedFileSystem$12.doCall(DistributedFileSystem.java:638)
	at org.apache.hadoop.hdfs.DistributedFileSystem$12.doCall(DistributedFileSystem.java:634)
	at org.apache.hadoop.fs.FileSystemLinkResolver.resolve(FileSystemLinkResolver.java:81)
	at org.apache.hadoop.hdfs.DistributedFileSystem.delete(DistributedFileSystem.java:634)
	at org.apache.pig.tools.grunt.GruntParser.processRemove(GruntParser.java:1115)
	at org.apache.pig.tools.pigscript.parser.PigScriptParser.parse(PigScriptParser.java:606)
	at org.apache.pig.tools.grunt.GruntParser.parseStopOnError(GruntParser.java:198)
	at org.apache.pig.tools.grunt.GruntParser.parseStopOnError(GruntParser.java:173)
	at org.apache.pig.tools.grunt.Grunt.exec(Grunt.java:84)
	at org.apache.pig.Main.run(Main.java:478)
	at org.apache.pig.Main.main(Main.java:156)
	at sun.reflect.NativeMethodAccessorImpl.invoke0(Native Method)
	at sun.reflect.NativeMethodAccessorImpl.invoke(NativeMethodAccessorImpl.java:57)
	at sun.reflect.DelegatingMethodAccessorImpl.invoke(DelegatingMethodAccessorImpl.java:43)
	at java.lang.reflect.Method.invoke(Method.java:606)
	at org.apache.hadoop.util.RunJar.run(RunJar.java:221)
	at org.apache.hadoop.util.RunJar.main(RunJar.java:136)
Caused by: org.apache.hadoop.ipc.RemoteException(org.apache.hadoop.security.AccessControlException): Permission denied by sticky bit setting: user=rtsadmin, inode=api_response_0209
	at org.apache.hadoop.hdfs.server.namenode.DefaultAuthorizationProvider.checkStickyBit(DefaultAuthorizationProvider.java:362)
	at org.apache.hadoop.hdfs.server.namenode.DefaultAuthorizationProvider.checkPermission(DefaultAuthorizationProvider.java:142)
	at org.apache.hadoop.hdfs.server.namenode.FSPermissionChecker.checkPermission(FSPermissionChecker.java:138)
	at org.apache.hadoop.hdfs.server.namenode.FSNamesystem.checkPermission(FSNamesystem.java:6602)
	at org.apache.hadoop.hdfs.server.namenode.FSNamesystem.deleteInternal(FSNamesystem.java:4062)
	at org.apache.hadoop.hdfs.server.namenode.FSNamesystem.deleteInt(FSNamesystem.java:4014)
	at org.apache.hadoop.hdfs.server.namenode.FSNamesystem.delete(FSNamesystem.java:3998)
	at org.apache.hadoop.hdfs.server.namenode.NameNodeRpcServer.delete(NameNodeRpcServer.java:825)
	at org.apache.hadoop.hdfs.server.namenode.AuthorizationProviderProxyClientProtocol.delete(AuthorizationProviderProxyClientProtocol.java:306)
	at org.apache.hadoop.hdfs.protocolPB.ClientNamenodeProtocolServerSideTranslatorPB.delete(ClientNamenodeProtocolServerSideTranslatorPB.java:590)
	at org.apache.hadoop.hdfs.protocol.proto.ClientNamenodeProtocolProtos$ClientNamenodeProtocol$2.callBlockingMethod(ClientNamenodeProtocolProtos.java)
	at org.apache.hadoop.ipc.ProtobufRpcEngine$Server$ProtoBufRpcInvoker.call(ProtobufRpcEngine.java:619)
	at org.apache.hadoop.ipc.RPC$Server.call(RPC.java:1060)
	at org.apache.hadoop.ipc.Server$Handler$1.run(Server.java:2044)
	at org.apache.hadoop.ipc.Server$Handler$1.run(Server.java:2040)
	at java.security.AccessController.doPrivileged(Native Method)
	at javax.security.auth.Subject.doAs(Subject.java:415)
	at org.apache.hadoop.security.UserGroupInformation.doAs(UserGroupInformation.java:1671)
	at org.apache.hadoop.ipc.Server$Handler.run(Server.java:2038)

	at org.apache.hadoop.ipc.Client.call(Client.java:1468)
	at org.apache.hadoop.ipc.Client.call(Client.java:1399)
	at org.apache.hadoop.ipc.ProtobufRpcEngine$Invoker.invoke(ProtobufRpcEngine.java:232)
	at com.sun.proxy.$Proxy14.delete(Unknown Source)
	at org.apache.hadoop.hdfs.protocolPB.ClientNamenodeProtocolTranslatorPB.delete(ClientNamenodeProtocolTranslatorPB.java:521)
	at sun.reflect.NativeMethodAccessorImpl.invoke0(Native Method)
	at sun.reflect.NativeMethodAccessorImpl.invoke(NativeMethodAccessorImpl.java:57)
	at sun.reflect.DelegatingMethodAccessorImpl.invoke(DelegatingMethodAccessorImpl.java:43)
	at java.lang.reflect.Method.invoke(Method.java:606)
	at org.apache.hadoop.io.retry.RetryInvocationHandler.invokeMethod(RetryInvocationHandler.java:187)
	at org.apache.hadoop.io.retry.RetryInvocationHandler.invoke(RetryInvocationHandler.java:102)
	at com.sun.proxy.$Proxy15.delete(Unknown Source)
	at org.apache.hadoop.hdfs.DFSClient.delete(DFSClient.java:1923)
	... 17 more
================================================================================
