Pig Stack Trace
---------------
ERROR 101: file '/appl/rts/jboss_logs/udf.jar' does not exist.

org.apache.pig.backend.executionengine.ExecException: ERROR 101: file '/appl/rts/jboss_logs/udf.jar' does not exist.
	at org.apache.pig.impl.io.FileLocalizer.fetchFilesInternal(FileLocalizer.java:750)
	at org.apache.pig.impl.io.FileLocalizer.fetchFiles(FileLocalizer.java:699)
	at org.apache.pig.PigServer.registerJar(PigServer.java:522)
	at org.apache.pig.tools.grunt.GruntParser.processRegister(GruntParser.java:473)
	at org.apache.pig.tools.pigscript.parser.PigScriptParser.parse(PigScriptParser.java:546)
	at org.apache.pig.tools.grunt.GruntParser.parseStopOnError(GruntParser.java:198)
	at org.apache.pig.tools.grunt.GruntParser.parseStopOnError(GruntParser.java:173)
	at org.apache.pig.tools.grunt.Grunt.exec(Grunt.java:84)
	at org.apache.pig.Main.run(Main.java:478)
	at org.apache.pig.Main.main(Main.java:156)
	at sun.reflect.NativeMethodAccessorImpl.invoke0(Native Method)
	at sun.reflect.NativeMethodAccessorImpl.invoke(NativeMethodAccessorImpl.java:57)
	at sun.reflect.DelegatingMethodAccessorImpl.invoke(DelegatingMethodAccessorImpl.java:43)
	at java.lang.reflect.Method.invoke(Method.java:606)
	at org.apache.hadoop.util.RunJar.run(RunJar.java:221)
	at org.apache.hadoop.util.RunJar.main(RunJar.java:136)
================================================================================
